<?xml version="1.0" encoding="UTF-8"?>
<!-- Generated by org.testng.reporters.JUnitReportReporter -->
<testsuite hostname="DDC2-L-7452Z3T" name="examplePKG.NewTest" tests="1" failures="0" timestamp="11 Mar 2019 07:23:37 GMT" time="5.503" errors="0">
  <testcase name="testMethod" time="5.503" classname="examplePKG.NewTest"/>
</testsuite> <!-- examplePKG.NewTest -->
