<?xml version="1.0" encoding="UTF-8"?>
<!-- Generated by org.testng.reporters.JUnitReportReporter -->
<testsuite hostname="DDC2-L-7452Z3T" name="MavenPackage.assertingTitle" tests="1" failures="0" timestamp="14 Mar 2019 06:38:16 GMT" time="5.644" errors="0">
  <testcase name="testMethod" time="5.644" classname="MavenPackage.assertingTitle"/>
</testsuite> <!-- MavenPackage.assertingTitle -->
